<?xml version="1.0" encoding="UTF-8"?>
<testsuite xmlns:xsi="http://www.w3.org/2001/XMLSchema-instance" xsi:noNamespaceSchemaLocation="https://maven.apache.org/surefire/maven-surefire-plugin/xsd/surefire-test-report.xsd" version="3.0.2" name="com.saxion.proj.tfms.TruckFleetManagementSystemApplicationTests" time="10.779" tests="1" errors="0" skipped="0" failures="0">
  <properties>
    <property name="java.specification.version" value="21"/>
    <property name="sun.jnu.encoding" value="UTF-8"/>
    <property name="java.class.path" value="/home/prithvish/Documents/GitHub/02/tfms-starter/target/test-classes:/home/prithvish/Documents/GitHub/02/tfms-starter/target/classes:/home/prithvish/.m2/repository/org/springframework/boot/spring-boot-starter-web/3.5.5/spring-boot-starter-web-3.5.5.jar:/home/prithvish/.m2/repository/org/springframework/boot/spring-boot-starter/3.5.5/spring-boot-starter-3.5.5.jar:/home/prithvish/.m2/repository/org/springframework/boot/spring-boot/3.5.5/spring-boot-3.5.5.jar:/home/prithvish/.m2/repository/org/springframework/boot/spring-boot-autoconfigure/3.5.5/spring-boot-autoconfigure-3.5.5.jar:/home/prithvish/.m2/repository/org/springframework/boot/spring-boot-starter-logging/3.5.5/spring-boot-starter-logging-3.5.5.jar:/home/prithvish/.m2/repository/ch/qos/logback/logback-classic/1.5.18/logback-classic-1.5.18.jar:/home/prithvish/.m2/repository/ch/qos/logback/logback-core/1.5.18/logback-core-1.5.18.jar:/home/prithvish/.m2/repository/org/apache/logging/log4j/log4j-to-slf4j/2.24.3/log4j-to-slf4j-2.24.3.jar:/home/prithvish/.m2/repository/org/apache/logging/log4j/log4j-api/2.24.3/log4j-api-2.24.3.jar:/home/prithvish/.m2/repository/org/slf4j/jul-to-slf4j/2.0.17/jul-to-slf4j-2.0.17.jar:/home/prithvish/.m2/repository/jakarta/annotation/jakarta.annotation-api/2.1.1/jakarta.annotation-api-2.1.1.jar:/home/prithvish/.m2/repository/org/yaml/snakeyaml/2.4/snakeyaml-2.4.jar:/home/prithvish/.m2/repository/org/springframework/boot/spring-boot-starter-json/3.5.5/spring-boot-starter-json-3.5.5.jar:/home/prithvish/.m2/repository/com/fasterxml/jackson/datatype/jackson-datatype-jdk8/2.19.2/jackson-datatype-jdk8-2.19.2.jar:/home/prithvish/.m2/repository/com/fasterxml/jackson/datatype/jackson-datatype-jsr310/2.19.2/jackson-datatype-jsr310-2.19.2.jar:/home/prithvish/.m2/repository/com/fasterxml/jackson/module/jackson-module-parameter-names/2.19.2/jackson-module-parameter-names-2.19.2.jar:/home/prithvish/.m2/repository/org/springframework/boot/spring-boot-starter-tomcat/3.5.5/spring-boot-starter-tomcat-3.5.5.jar:/home/prithvish/.m2/repository/org/apache/tomcat/embed/tomcat-embed-core/10.1.44/tomcat-embed-core-10.1.44.jar:/home/prithvish/.m2/repository/org/apache/tomcat/embed/tomcat-embed-websocket/10.1.44/tomcat-embed-websocket-10.1.44.jar:/home/prithvish/.m2/repository/org/springframework/spring-web/6.2.10/spring-web-6.2.10.jar:/home/prithvish/.m2/repository/org/springframework/spring-beans/6.2.10/spring-beans-6.2.10.jar:/home/prithvish/.m2/repository/org/springframework/spring-webmvc/6.2.10/spring-webmvc-6.2.10.jar:/home/prithvish/.m2/repository/org/springframework/spring-aop/6.2.10/spring-aop-6.2.10.jar:/home/prithvish/.m2/repository/org/springframework/spring-context/6.2.10/spring-context-6.2.10.jar:/home/prithvish/.m2/repository/org/springframework/spring-expression/6.2.10/spring-expression-6.2.10.jar:/home/prithvish/.m2/repository/org/springframework/boot/spring-boot-starter-actuator/3.5.5/spring-boot-starter-actuator-3.5.5.jar:/home/prithvish/.m2/repository/org/springframework/boot/spring-boot-actuator-autoconfigure/3.5.5/spring-boot-actuator-autoconfigure-3.5.5.jar:/home/prithvish/.m2/repository/org/springframework/boot/spring-boot-actuator/3.5.5/spring-boot-actuator-3.5.5.jar:/home/prithvish/.m2/repository/io/micrometer/micrometer-observation/1.15.3/micrometer-observation-1.15.3.jar:/home/prithvish/.m2/repository/io/micrometer/micrometer-commons/1.15.3/micrometer-commons-1.15.3.jar:/home/prithvish/.m2/repository/io/micrometer/micrometer-jakarta9/1.15.3/micrometer-jakarta9-1.15.3.jar:/home/prithvish/.m2/repository/io/micrometer/micrometer-core/1.15.3/micrometer-core-1.15.3.jar:/home/prithvish/.m2/repository/org/hdrhistogram/HdrHistogram/2.2.2/HdrHistogram-2.2.2.jar:/home/prithvish/.m2/repository/org/latencyutils/LatencyUtils/2.0.3/LatencyUtils-2.0.3.jar:/home/prithvish/Documents/GitHub/02/tfms-modules/common-modules/target/common-modules-1.0.0-dev.jar:/home/prithvish/.m2/repository/com/fasterxml/jackson/core/jackson-annotations/2.19.2/jackson-annotations-2.19.2.jar:/home/prithvish/.m2/repository/org/springdoc/springdoc-openapi-starter-webmvc-ui/2.7.0/springdoc-openapi-starter-webmvc-ui-2.7.0.jar:/home/prithvish/.m2/repository/org/springdoc/springdoc-openapi-starter-webmvc-api/2.7.0/springdoc-openapi-starter-webmvc-api-2.7.0.jar:/home/prithvish/.m2/repository/org/springdoc/springdoc-openapi-starter-common/2.7.0/springdoc-openapi-starter-common-2.7.0.jar:/home/prithvish/.m2/repository/io/swagger/core/v3/swagger-core-jakarta/2.2.25/swagger-core-jakarta-2.2.25.jar:/home/prithvish/.m2/repository/org/apache/commons/commons-lang3/3.17.0/commons-lang3-3.17.0.jar:/home/prithvish/.m2/repository/io/swagger/core/v3/swagger-annotations-jakarta/2.2.25/swagger-annotations-jakarta-2.2.25.jar:/home/prithvish/.m2/repository/io/swagger/core/v3/swagger-models-jakarta/2.2.25/swagger-models-jakarta-2.2.25.jar:/home/prithvish/.m2/repository/com/fasterxml/jackson/dataformat/jackson-dataformat-yaml/2.19.2/jackson-dataformat-yaml-2.19.2.jar:/home/prithvish/.m2/repository/org/webjars/swagger-ui/5.18.2/swagger-ui-5.18.2.jar:/home/prithvish/.m2/repository/org/webjars/webjars-locator-lite/1.1.0/webjars-locator-lite-1.1.0.jar:/home/prithvish/.m2/repository/org/jspecify/jspecify/1.0.0/jspecify-1.0.0.jar:/home/prithvish/.m2/repository/io/jsonwebtoken/jjwt-api/0.12.3/jjwt-api-0.12.3.jar:/home/prithvish/.m2/repository/io/jsonwebtoken/jjwt-impl/0.12.3/jjwt-impl-0.12.3.jar:/home/prithvish/.m2/repository/io/jsonwebtoken/jjwt-jackson/0.12.3/jjwt-jackson-0.12.3.jar:/home/prithvish/Documents/GitHub/02/tfms-modules/auth-modules/auth-service/target/auth-service-1.0.0-dev.jar:/home/prithvish/.m2/repository/com/fasterxml/jackson/core/jackson-databind/2.19.2/jackson-databind-2.19.2.jar:/home/prithvish/.m2/repository/com/fasterxml/jackson/core/jackson-core/2.19.2/jackson-core-2.19.2.jar:/home/prithvish/.m2/repository/org/springframework/boot/spring-boot-starter-security/3.5.5/spring-boot-starter-security-3.5.5.jar:/home/prithvish/.m2/repository/org/springframework/security/spring-security-config/6.5.3/spring-security-config-6.5.3.jar:/home/prithvish/.m2/repository/org/springframework/security/spring-security-core/6.5.3/spring-security-core-6.5.3.jar:/home/prithvish/.m2/repository/org/springframework/security/spring-security-web/6.5.3/spring-security-web-6.5.3.jar:/home/prithvish/.m2/repository/org/springframework/security/spring-security-crypto/6.5.3/spring-security-crypto-6.5.3.jar:/home/prithvish/.m2/repository/org/projectlombok/lombok/1.18.38/lombok-1.18.38.jar:/home/prithvish/.m2/repository/org/springframework/boot/spring-boot-starter-data-jpa/3.5.5/spring-boot-starter-data-jpa-3.5.5.jar:/home/prithvish/.m2/repository/org/springframework/boot/spring-boot-starter-jdbc/3.5.5/spring-boot-starter-jdbc-3.5.5.jar:/home/prithvish/.m2/repository/com/zaxxer/HikariCP/6.3.2/HikariCP-6.3.2.jar:/home/prithvish/.m2/repository/org/springframework/spring-jdbc/6.2.10/spring-jdbc-6.2.10.jar:/home/prithvish/.m2/repository/org/hibernate/orm/hibernate-core/6.6.26.Final/hibernate-core-6.6.26.Final.jar:/home/prithvish/.m2/repository/jakarta/persistence/jakarta.persistence-api/3.1.0/jakarta.persistence-api-3.1.0.jar:/home/prithvish/.m2/repository/jakarta/transaction/jakarta.transaction-api/2.0.1/jakarta.transaction-api-2.0.1.jar:/home/prithvish/.m2/repository/org/jboss/logging/jboss-logging/3.6.1.Final/jboss-logging-3.6.1.Final.jar:/home/prithvish/.m2/repository/org/hibernate/common/hibernate-commons-annotations/7.0.3.Final/hibernate-commons-annotations-7.0.3.Final.jar:/home/prithvish/.m2/repository/io/smallrye/jandex/3.2.0/jandex-3.2.0.jar:/home/prithvish/.m2/repository/com/fasterxml/classmate/1.7.0/classmate-1.7.0.jar:/home/prithvish/.m2/repository/net/bytebuddy/byte-buddy/1.17.7/byte-buddy-1.17.7.jar:/home/prithvish/.m2/repository/org/glassfish/jaxb/jaxb-runtime/4.0.5/jaxb-runtime-4.0.5.jar:/home/prithvish/.m2/repository/org/glassfish/jaxb/jaxb-core/4.0.5/jaxb-core-4.0.5.jar:/home/prithvish/.m2/repository/org/eclipse/angus/angus-activation/2.0.2/angus-activation-2.0.2.jar:/home/prithvish/.m2/repository/org/glassfish/jaxb/txw2/4.0.5/txw2-4.0.5.jar:/home/prithvish/.m2/repository/com/sun/istack/istack-commons-runtime/4.1.2/istack-commons-runtime-4.1.2.jar:/home/prithvish/.m2/repository/jakarta/inject/jakarta.inject-api/2.0.1/jakarta.inject-api-2.0.1.jar:/home/prithvish/.m2/repository/org/antlr/antlr4-runtime/4.13.0/antlr4-runtime-4.13.0.jar:/home/prithvish/.m2/repository/org/springframework/data/spring-data-jpa/3.5.3/spring-data-jpa-3.5.3.jar:/home/prithvish/.m2/repository/org/springframework/data/spring-data-commons/3.5.3/spring-data-commons-3.5.3.jar:/home/prithvish/.m2/repository/org/springframework/spring-orm/6.2.10/spring-orm-6.2.10.jar:/home/prithvish/.m2/repository/org/springframework/spring-tx/6.2.10/spring-tx-6.2.10.jar:/home/prithvish/.m2/repository/org/slf4j/slf4j-api/2.0.17/slf4j-api-2.0.17.jar:/home/prithvish/.m2/repository/org/springframework/spring-aspects/6.2.10/spring-aspects-6.2.10.jar:/home/prithvish/.m2/repository/org/aspectj/aspectjweaver/1.9.24/aspectjweaver-1.9.24.jar:/home/prithvish/.m2/repository/org/postgresql/postgresql/42.7.7/postgresql-42.7.7.jar:/home/prithvish/.m2/repository/org/checkerframework/checker-qual/3.49.3/checker-qual-3.49.3.jar:/home/prithvish/.m2/repository/org/springframework/boot/spring-boot-starter-test/3.5.5/spring-boot-starter-test-3.5.5.jar:/home/prithvish/.m2/repository/org/springframework/boot/spring-boot-test/3.5.5/spring-boot-test-3.5.5.jar:/home/prithvish/.m2/repository/org/springframework/boot/spring-boot-test-autoconfigure/3.5.5/spring-boot-test-autoconfigure-3.5.5.jar:/home/prithvish/.m2/repository/com/jayway/jsonpath/json-path/2.9.0/json-path-2.9.0.jar:/home/prithvish/.m2/repository/jakarta/xml/bind/jakarta.xml.bind-api/4.0.2/jakarta.xml.bind-api-4.0.2.jar:/home/prithvish/.m2/repository/jakarta/activation/jakarta.activation-api/2.1.3/jakarta.activation-api-2.1.3.jar:/home/prithvish/.m2/repository/net/minidev/json-smart/2.5.2/json-smart-2.5.2.jar:/home/prithvish/.m2/repository/net/minidev/accessors-smart/2.5.2/accessors-smart-2.5.2.jar:/home/prithvish/.m2/repository/org/ow2/asm/asm/9.7.1/asm-9.7.1.jar:/home/prithvish/.m2/repository/org/assertj/assertj-core/3.27.4/assertj-core-3.27.4.jar:/home/prithvish/.m2/repository/org/awaitility/awaitility/4.2.2/awaitility-4.2.2.jar:/home/prithvish/.m2/repository/org/hamcrest/hamcrest/3.0/hamcrest-3.0.jar:/home/prithvish/.m2/repository/org/junit/jupiter/junit-jupiter/5.12.2/junit-jupiter-5.12.2.jar:/home/prithvish/.m2/repository/org/junit/jupiter/junit-jupiter-api/5.12.2/junit-jupiter-api-5.12.2.jar:/home/prithvish/.m2/repository/org/opentest4j/opentest4j/1.3.0/opentest4j-1.3.0.jar:/home/prithvish/.m2/repository/org/junit/platform/junit-platform-commons/1.12.2/junit-platform-commons-1.12.2.jar:/home/prithvish/.m2/repository/org/apiguardian/apiguardian-api/1.1.2/apiguardian-api-1.1.2.jar:/home/prithvish/.m2/repository/org/junit/jupiter/junit-jupiter-params/5.12.2/junit-jupiter-params-5.12.2.jar:/home/prithvish/.m2/repository/org/junit/jupiter/junit-jupiter-engine/5.12.2/junit-jupiter-engine-5.12.2.jar:/home/prithvish/.m2/repository/org/junit/platform/junit-platform-engine/1.12.2/junit-platform-engine-1.12.2.jar:/home/prithvish/.m2/repository/org/mockito/mockito-core/5.17.0/mockito-core-5.17.0.jar:/home/prithvish/.m2/repository/net/bytebuddy/byte-buddy-agent/1.17.7/byte-buddy-agent-1.17.7.jar:/home/prithvish/.m2/repository/org/objenesis/objenesis/3.3/objenesis-3.3.jar:/home/prithvish/.m2/repository/org/mockito/mockito-junit-jupiter/5.17.0/mockito-junit-jupiter-5.17.0.jar:/home/prithvish/.m2/repository/org/skyscreamer/jsonassert/1.5.3/jsonassert-1.5.3.jar:/home/prithvish/.m2/repository/com/vaadin/external/google/android-json/0.0.20131108.vaadin1/android-json-0.0.20131108.vaadin1.jar:/home/prithvish/.m2/repository/org/springframework/spring-core/6.2.10/spring-core-6.2.10.jar:/home/prithvish/.m2/repository/org/springframework/spring-jcl/6.2.10/spring-jcl-6.2.10.jar:/home/prithvish/.m2/repository/org/springframework/spring-test/6.2.10/spring-test-6.2.10.jar:/home/prithvish/.m2/repository/org/xmlunit/xmlunit-core/2.10.3/xmlunit-core-2.10.3.jar:/home/prithvish/.m2/repository/org/springframework/boot/spring-boot-starter-websocket/3.5.5/spring-boot-starter-websocket-3.5.5.jar:/home/prithvish/.m2/repository/org/springframework/spring-messaging/6.2.10/spring-messaging-6.2.10.jar:/home/prithvish/.m2/repository/org/springframework/spring-websocket/6.2.10/spring-websocket-6.2.10.jar:/home/prithvish/.m2/repository/org/springframework/boot/spring-boot-starter-validation/3.5.5/spring-boot-starter-validation-3.5.5.jar:/home/prithvish/.m2/repository/org/apache/tomcat/embed/tomcat-embed-el/10.1.44/tomcat-embed-el-10.1.44.jar:/home/prithvish/.m2/repository/org/hibernate/validator/hibernate-validator/8.0.3.Final/hibernate-validator-8.0.3.Final.jar:/home/prithvish/.m2/repository/jakarta/validation/jakarta.validation-api/3.0.2/jakarta.validation-api-3.0.2.jar:"/>
    <property name="java.vm.vendor" value="Ubuntu"/>
    <property name="sun.arch.data.model" value="64"/>
    <property name="java.vendor.url" value="https://ubuntu.com/"/>
    <property name="user.timezone" value="Europe/Amsterdam"/>
    <property name="org.jboss.logging.provider" value="slf4j"/>
    <property name="os.name" value="Linux"/>
    <property name="java.vm.specification.version" value="21"/>
    <property name="APPLICATION_NAME" value="TFMS - Truck Fleet Management System"/>
    <property name="sun.java.launcher" value="SUN_STANDARD"/>
    <property name="user.country" value="US"/>
    <property name="sun.boot.library.path" value="/usr/lib/jvm/java-21-openjdk-amd64/lib"/>
    <property name="sun.java.command" value="/home/prithvish/Documents/GitHub/02/tfms-starter/target/surefire/surefirebooter-20251009122257636_3.jar /home/prithvish/Documents/GitHub/02/tfms-starter/target/surefire 2025-10-09T12-22-53_172-jvmRun1 surefire-20251009122257636_1tmp surefire_0-20251009122257636_2tmp"/>
    <property name="jdk.debug" value="release"/>
    <property name="surefire.test.class.path" value="/home/prithvish/Documents/GitHub/02/tfms-starter/target/test-classes:/home/prithvish/Documents/GitHub/02/tfms-starter/target/classes:/home/prithvish/.m2/repository/org/springframework/boot/spring-boot-starter-web/3.5.5/spring-boot-starter-web-3.5.5.jar:/home/prithvish/.m2/repository/org/springframework/boot/spring-boot-starter/3.5.5/spring-boot-starter-3.5.5.jar:/home/prithvish/.m2/repository/org/springframework/boot/spring-boot/3.5.5/spring-boot-3.5.5.jar:/home/prithvish/.m2/repository/org/springframework/boot/spring-boot-autoconfigure/3.5.5/spring-boot-autoconfigure-3.5.5.jar:/home/prithvish/.m2/repository/org/springframework/boot/spring-boot-starter-logging/3.5.5/spring-boot-starter-logging-3.5.5.jar:/home/prithvish/.m2/repository/ch/qos/logback/logback-classic/1.5.18/logback-classic-1.5.18.jar:/home/prithvish/.m2/repository/ch/qos/logback/logback-core/1.5.18/logback-core-1.5.18.jar:/home/prithvish/.m2/repository/org/apache/logging/log4j/log4j-to-slf4j/2.24.3/log4j-to-slf4j-2.24.3.jar:/home/prithvish/.m2/repository/org/apache/logging/log4j/log4j-api/2.24.3/log4j-api-2.24.3.jar:/home/prithvish/.m2/repository/org/slf4j/jul-to-slf4j/2.0.17/jul-to-slf4j-2.0.17.jar:/home/prithvish/.m2/repository/jakarta/annotation/jakarta.annotation-api/2.1.1/jakarta.annotation-api-2.1.1.jar:/home/prithvish/.m2/repository/org/yaml/snakeyaml/2.4/snakeyaml-2.4.jar:/home/prithvish/.m2/repository/org/springframework/boot/spring-boot-starter-json/3.5.5/spring-boot-starter-json-3.5.5.jar:/home/prithvish/.m2/repository/com/fasterxml/jackson/datatype/jackson-datatype-jdk8/2.19.2/jackson-datatype-jdk8-2.19.2.jar:/home/prithvish/.m2/repository/com/fasterxml/jackson/datatype/jackson-datatype-jsr310/2.19.2/jackson-datatype-jsr310-2.19.2.jar:/home/prithvish/.m2/repository/com/fasterxml/jackson/module/jackson-module-parameter-names/2.19.2/jackson-module-parameter-names-2.19.2.jar:/home/prithvish/.m2/repository/org/springframework/boot/spring-boot-starter-tomcat/3.5.5/spring-boot-starter-tomcat-3.5.5.jar:/home/prithvish/.m2/repository/org/apache/tomcat/embed/tomcat-embed-core/10.1.44/tomcat-embed-core-10.1.44.jar:/home/prithvish/.m2/repository/org/apache/tomcat/embed/tomcat-embed-websocket/10.1.44/tomcat-embed-websocket-10.1.44.jar:/home/prithvish/.m2/repository/org/springframework/spring-web/6.2.10/spring-web-6.2.10.jar:/home/prithvish/.m2/repository/org/springframework/spring-beans/6.2.10/spring-beans-6.2.10.jar:/home/prithvish/.m2/repository/org/springframework/spring-webmvc/6.2.10/spring-webmvc-6.2.10.jar:/home/prithvish/.m2/repository/org/springframework/spring-aop/6.2.10/spring-aop-6.2.10.jar:/home/prithvish/.m2/repository/org/springframework/spring-context/6.2.10/spring-context-6.2.10.jar:/home/prithvish/.m2/repository/org/springframework/spring-expression/6.2.10/spring-expression-6.2.10.jar:/home/prithvish/.m2/repository/org/springframework/boot/spring-boot-starter-actuator/3.5.5/spring-boot-starter-actuator-3.5.5.jar:/home/prithvish/.m2/repository/org/springframework/boot/spring-boot-actuator-autoconfigure/3.5.5/spring-boot-actuator-autoconfigure-3.5.5.jar:/home/prithvish/.m2/repository/org/springframework/boot/spring-boot-actuator/3.5.5/spring-boot-actuator-3.5.5.jar:/home/prithvish/.m2/repository/io/micrometer/micrometer-observation/1.15.3/micrometer-observation-1.15.3.jar:/home/prithvish/.m2/repository/io/micrometer/micrometer-commons/1.15.3/micrometer-commons-1.15.3.jar:/home/prithvish/.m2/repository/io/micrometer/micrometer-jakarta9/1.15.3/micrometer-jakarta9-1.15.3.jar:/home/prithvish/.m2/repository/io/micrometer/micrometer-core/1.15.3/micrometer-core-1.15.3.jar:/home/prithvish/.m2/repository/org/hdrhistogram/HdrHistogram/2.2.2/HdrHistogram-2.2.2.jar:/home/prithvish/.m2/repository/org/latencyutils/LatencyUtils/2.0.3/LatencyUtils-2.0.3.jar:/home/prithvish/Documents/GitHub/02/tfms-modules/common-modules/target/common-modules-1.0.0-dev.jar:/home/prithvish/.m2/repository/com/fasterxml/jackson/core/jackson-annotations/2.19.2/jackson-annotations-2.19.2.jar:/home/prithvish/.m2/repository/org/springdoc/springdoc-openapi-starter-webmvc-ui/2.7.0/springdoc-openapi-starter-webmvc-ui-2.7.0.jar:/home/prithvish/.m2/repository/org/springdoc/springdoc-openapi-starter-webmvc-api/2.7.0/springdoc-openapi-starter-webmvc-api-2.7.0.jar:/home/prithvish/.m2/repository/org/springdoc/springdoc-openapi-starter-common/2.7.0/springdoc-openapi-starter-common-2.7.0.jar:/home/prithvish/.m2/repository/io/swagger/core/v3/swagger-core-jakarta/2.2.25/swagger-core-jakarta-2.2.25.jar:/home/prithvish/.m2/repository/org/apache/commons/commons-lang3/3.17.0/commons-lang3-3.17.0.jar:/home/prithvish/.m2/repository/io/swagger/core/v3/swagger-annotations-jakarta/2.2.25/swagger-annotations-jakarta-2.2.25.jar:/home/prithvish/.m2/repository/io/swagger/core/v3/swagger-models-jakarta/2.2.25/swagger-models-jakarta-2.2.25.jar:/home/prithvish/.m2/repository/com/fasterxml/jackson/dataformat/jackson-dataformat-yaml/2.19.2/jackson-dataformat-yaml-2.19.2.jar:/home/prithvish/.m2/repository/org/webjars/swagger-ui/5.18.2/swagger-ui-5.18.2.jar:/home/prithvish/.m2/repository/org/webjars/webjars-locator-lite/1.1.0/webjars-locator-lite-1.1.0.jar:/home/prithvish/.m2/repository/org/jspecify/jspecify/1.0.0/jspecify-1.0.0.jar:/home/prithvish/.m2/repository/io/jsonwebtoken/jjwt-api/0.12.3/jjwt-api-0.12.3.jar:/home/prithvish/.m2/repository/io/jsonwebtoken/jjwt-impl/0.12.3/jjwt-impl-0.12.3.jar:/home/prithvish/.m2/repository/io/jsonwebtoken/jjwt-jackson/0.12.3/jjwt-jackson-0.12.3.jar:/home/prithvish/Documents/GitHub/02/tfms-modules/auth-modules/auth-service/target/auth-service-1.0.0-dev.jar:/home/prithvish/.m2/repository/com/fasterxml/jackson/core/jackson-databind/2.19.2/jackson-databind-2.19.2.jar:/home/prithvish/.m2/repository/com/fasterxml/jackson/core/jackson-core/2.19.2/jackson-core-2.19.2.jar:/home/prithvish/.m2/repository/org/springframework/boot/spring-boot-starter-security/3.5.5/spring-boot-starter-security-3.5.5.jar:/home/prithvish/.m2/repository/org/springframework/security/spring-security-config/6.5.3/spring-security-config-6.5.3.jar:/home/prithvish/.m2/repository/org/springframework/security/spring-security-core/6.5.3/spring-security-core-6.5.3.jar:/home/prithvish/.m2/repository/org/springframework/security/spring-security-web/6.5.3/spring-security-web-6.5.3.jar:/home/prithvish/.m2/repository/org/springframework/security/spring-security-crypto/6.5.3/spring-security-crypto-6.5.3.jar:/home/prithvish/.m2/repository/org/projectlombok/lombok/1.18.38/lombok-1.18.38.jar:/home/prithvish/.m2/repository/org/springframework/boot/spring-boot-starter-data-jpa/3.5.5/spring-boot-starter-data-jpa-3.5.5.jar:/home/prithvish/.m2/repository/org/springframework/boot/spring-boot-starter-jdbc/3.5.5/spring-boot-starter-jdbc-3.5.5.jar:/home/prithvish/.m2/repository/com/zaxxer/HikariCP/6.3.2/HikariCP-6.3.2.jar:/home/prithvish/.m2/repository/org/springframework/spring-jdbc/6.2.10/spring-jdbc-6.2.10.jar:/home/prithvish/.m2/repository/org/hibernate/orm/hibernate-core/6.6.26.Final/hibernate-core-6.6.26.Final.jar:/home/prithvish/.m2/repository/jakarta/persistence/jakarta.persistence-api/3.1.0/jakarta.persistence-api-3.1.0.jar:/home/prithvish/.m2/repository/jakarta/transaction/jakarta.transaction-api/2.0.1/jakarta.transaction-api-2.0.1.jar:/home/prithvish/.m2/repository/org/jboss/logging/jboss-logging/3.6.1.Final/jboss-logging-3.6.1.Final.jar:/home/prithvish/.m2/repository/org/hibernate/common/hibernate-commons-annotations/7.0.3.Final/hibernate-commons-annotations-7.0.3.Final.jar:/home/prithvish/.m2/repository/io/smallrye/jandex/3.2.0/jandex-3.2.0.jar:/home/prithvish/.m2/repository/com/fasterxml/classmate/1.7.0/classmate-1.7.0.jar:/home/prithvish/.m2/repository/net/bytebuddy/byte-buddy/1.17.7/byte-buddy-1.17.7.jar:/home/prithvish/.m2/repository/org/glassfish/jaxb/jaxb-runtime/4.0.5/jaxb-runtime-4.0.5.jar:/home/prithvish/.m2/repository/org/glassfish/jaxb/jaxb-core/4.0.5/jaxb-core-4.0.5.jar:/home/prithvish/.m2/repository/org/eclipse/angus/angus-activation/2.0.2/angus-activation-2.0.2.jar:/home/prithvish/.m2/repository/org/glassfish/jaxb/txw2/4.0.5/txw2-4.0.5.jar:/home/prithvish/.m2/repository/com/sun/istack/istack-commons-runtime/4.1.2/istack-commons-runtime-4.1.2.jar:/home/prithvish/.m2/repository/jakarta/inject/jakarta.inject-api/2.0.1/jakarta.inject-api-2.0.1.jar:/home/prithvish/.m2/repository/org/antlr/antlr4-runtime/4.13.0/antlr4-runtime-4.13.0.jar:/home/prithvish/.m2/repository/org/springframework/data/spring-data-jpa/3.5.3/spring-data-jpa-3.5.3.jar:/home/prithvish/.m2/repository/org/springframework/data/spring-data-commons/3.5.3/spring-data-commons-3.5.3.jar:/home/prithvish/.m2/repository/org/springframework/spring-orm/6.2.10/spring-orm-6.2.10.jar:/home/prithvish/.m2/repository/org/springframework/spring-tx/6.2.10/spring-tx-6.2.10.jar:/home/prithvish/.m2/repository/org/slf4j/slf4j-api/2.0.17/slf4j-api-2.0.17.jar:/home/prithvish/.m2/repository/org/springframework/spring-aspects/6.2.10/spring-aspects-6.2.10.jar:/home/prithvish/.m2/repository/org/aspectj/aspectjweaver/1.9.24/aspectjweaver-1.9.24.jar:/home/prithvish/.m2/repository/org/postgresql/postgresql/42.7.7/postgresql-42.7.7.jar:/home/prithvish/.m2/repository/org/checkerframework/checker-qual/3.49.3/checker-qual-3.49.3.jar:/home/prithvish/.m2/repository/org/springframework/boot/spring-boot-starter-test/3.5.5/spring-boot-starter-test-3.5.5.jar:/home/prithvish/.m2/repository/org/springframework/boot/spring-boot-test/3.5.5/spring-boot-test-3.5.5.jar:/home/prithvish/.m2/repository/org/springframework/boot/spring-boot-test-autoconfigure/3.5.5/spring-boot-test-autoconfigure-3.5.5.jar:/home/prithvish/.m2/repository/com/jayway/jsonpath/json-path/2.9.0/json-path-2.9.0.jar:/home/prithvish/.m2/repository/jakarta/xml/bind/jakarta.xml.bind-api/4.0.2/jakarta.xml.bind-api-4.0.2.jar:/home/prithvish/.m2/repository/jakarta/activation/jakarta.activation-api/2.1.3/jakarta.activation-api-2.1.3.jar:/home/prithvish/.m2/repository/net/minidev/json-smart/2.5.2/json-smart-2.5.2.jar:/home/prithvish/.m2/repository/net/minidev/accessors-smart/2.5.2/accessors-smart-2.5.2.jar:/home/prithvish/.m2/repository/org/ow2/asm/asm/9.7.1/asm-9.7.1.jar:/home/prithvish/.m2/repository/org/assertj/assertj-core/3.27.4/assertj-core-3.27.4.jar:/home/prithvish/.m2/repository/org/awaitility/awaitility/4.2.2/awaitility-4.2.2.jar:/home/prithvish/.m2/repository/org/hamcrest/hamcrest/3.0/hamcrest-3.0.jar:/home/prithvish/.m2/repository/org/junit/jupiter/junit-jupiter/5.12.2/junit-jupiter-5.12.2.jar:/home/prithvish/.m2/repository/org/junit/jupiter/junit-jupiter-api/5.12.2/junit-jupiter-api-5.12.2.jar:/home/prithvish/.m2/repository/org/opentest4j/opentest4j/1.3.0/opentest4j-1.3.0.jar:/home/prithvish/.m2/repository/org/junit/platform/junit-platform-commons/1.12.2/junit-platform-commons-1.12.2.jar:/home/prithvish/.m2/repository/org/apiguardian/apiguardian-api/1.1.2/apiguardian-api-1.1.2.jar:/home/prithvish/.m2/repository/org/junit/jupiter/junit-jupiter-params/5.12.2/junit-jupiter-params-5.12.2.jar:/home/prithvish/.m2/repository/org/junit/jupiter/junit-jupiter-engine/5.12.2/junit-jupiter-engine-5.12.2.jar:/home/prithvish/.m2/repository/org/junit/platform/junit-platform-engine/1.12.2/junit-platform-engine-1.12.2.jar:/home/prithvish/.m2/repository/org/mockito/mockito-core/5.17.0/mockito-core-5.17.0.jar:/home/prithvish/.m2/repository/net/bytebuddy/byte-buddy-agent/1.17.7/byte-buddy-agent-1.17.7.jar:/home/prithvish/.m2/repository/org/objenesis/objenesis/3.3/objenesis-3.3.jar:/home/prithvish/.m2/repository/org/mockito/mockito-junit-jupiter/5.17.0/mockito-junit-jupiter-5.17.0.jar:/home/prithvish/.m2/repository/org/skyscreamer/jsonassert/1.5.3/jsonassert-1.5.3.jar:/home/prithvish/.m2/repository/com/vaadin/external/google/android-json/0.0.20131108.vaadin1/android-json-0.0.20131108.vaadin1.jar:/home/prithvish/.m2/repository/org/springframework/spring-core/6.2.10/spring-core-6.2.10.jar:/home/prithvish/.m2/repository/org/springframework/spring-jcl/6.2.10/spring-jcl-6.2.10.jar:/home/prithvish/.m2/repository/org/springframework/spring-test/6.2.10/spring-test-6.2.10.jar:/home/prithvish/.m2/repository/org/xmlunit/xmlunit-core/2.10.3/xmlunit-core-2.10.3.jar:/home/prithvish/.m2/repository/org/springframework/boot/spring-boot-starter-websocket/3.5.5/spring-boot-starter-websocket-3.5.5.jar:/home/prithvish/.m2/repository/org/springframework/spring-messaging/6.2.10/spring-messaging-6.2.10.jar:/home/prithvish/.m2/repository/org/springframework/spring-websocket/6.2.10/spring-websocket-6.2.10.jar:/home/prithvish/.m2/repository/org/springframework/boot/spring-boot-starter-validation/3.5.5/spring-boot-starter-validation-3.5.5.jar:/home/prithvish/.m2/repository/org/apache/tomcat/embed/tomcat-embed-el/10.1.44/tomcat-embed-el-10.1.44.jar:/home/prithvish/.m2/repository/org/hibernate/validator/hibernate-validator/8.0.3.Final/hibernate-validator-8.0.3.Final.jar:/home/prithvish/.m2/repository/jakarta/validation/jakarta.validation-api/3.0.2/jakarta.validation-api-3.0.2.jar:"/>
    <property name="sun.cpu.endian" value="little"/>
    <property name="user.home" value="/home/prithvish"/>
    <property name="user.language" value="en"/>
    <property name="java.specification.vendor" value="Oracle Corporation"/>
    <property name="java.version.date" value="2025-07-15"/>
    <property name="java.home" value="/usr/lib/jvm/java-21-openjdk-amd64"/>
    <property name="file.separator" value="/"/>
    <property name="basedir" value="/home/prithvish/Documents/GitHub/02/tfms-starter"/>
    <property name="java.vm.compressedOopsMode" value="Zero based"/>
    <property name="line.separator" value="&#10;"/>
    <property name="java.vm.specification.vendor" value="Oracle Corporation"/>
    <property name="java.specification.name" value="Java Platform API Specification"/>
    <property name="FILE_LOG_CHARSET" value="UTF-8"/>
    <property name="java.awt.headless" value="true"/>
    <property name="surefire.real.class.path" value="/home/prithvish/Documents/GitHub/02/tfms-starter/target/surefire/surefirebooter-20251009122257636_3.jar"/>
    <property name="sun.management.compiler" value="HotSpot 64-Bit Tiered Compilers"/>
    <property name="java.runtime.version" value="21.0.8+9-Ubuntu-0ubuntu124.04.1"/>
    <property name="user.name" value="prithvish"/>
    <property name="stdout.encoding" value="UTF-8"/>
    <property name="path.separator" value=":"/>
    <property name="os.version" value="6.14.0-33-generic"/>
    <property name="java.runtime.name" value="OpenJDK Runtime Environment"/>
    <property name="file.encoding" value="UTF-8"/>
    <property name="java.vm.name" value="OpenJDK 64-Bit Server VM"/>
    <property name="localRepository" value="/home/prithvish/.m2/repository"/>
    <property name="java.vendor.url.bug" value="https://bugs.launchpad.net/ubuntu/+source/openjdk-21"/>
    <property name="java.io.tmpdir" value="/tmp"/>
    <property name="com.zaxxer.hikari.pool_number" value="1"/>
    <property name="java.version" value="21.0.8"/>
    <property name="user.dir" value="/home/prithvish/Documents/GitHub/02/tfms-starter"/>
    <property name="os.arch" value="amd64"/>
    <property name="java.vm.specification.name" value="Java Virtual Machine Specification"/>
    <property name="PID" value="40167"/>
    <property name="CONSOLE_LOG_CHARSET" value="UTF-8"/>
    <property name="native.encoding" value="UTF-8"/>
    <property name="java.library.path" value="/usr/java/packages/lib:/usr/lib/x86_64-linux-gnu/jni:/lib/x86_64-linux-gnu:/usr/lib/x86_64-linux-gnu:/usr/lib/jni:/lib:/usr/lib"/>
    <property name="java.vm.info" value="mixed mode, sharing"/>
    <property name="stderr.encoding" value="UTF-8"/>
    <property name="java.vendor" value="Ubuntu"/>
    <property name="java.vm.version" value="21.0.8+9-Ubuntu-0ubuntu124.04.1"/>
    <property name="sun.io.unicode.encoding" value="UnicodeLittle"/>
    <property name="java.class.version" value="65.0"/>
    <property name="CONSOLE_LOG_PATTERN" value="%d{yyyy-MM-dd HH:mm:ss} [DEV] - %msg%n"/>
    <property name="LOGGED_APPLICATION_NAME" value="[TFMS - Truck Fleet Management System] "/>
  </properties>
  <testcase name="contextLoads" classname="com.saxion.proj.tfms.TruckFleetManagementSystemApplicationTests" time="0.495">
    <system-out><![CDATA[12:22:58.845 [main] INFO org.springframework.test.context.support.AnnotationConfigContextLoaderUtils -- Could not detect default configuration classes for test class [com.saxion.proj.tfms.TruckFleetManagementSystemApplicationTests]: TruckFleetManagementSystemApplicationTests does not declare any static, non-private, non-final, nested classes annotated with @Configuration.
12:22:59.012 [main] INFO org.springframework.boot.test.context.SpringBootTestContextBootstrapper -- Found @SpringBootConfiguration com.saxion.proj.tfms.TfmsApplication for test class com.saxion.proj.tfms.TruckFleetManagementSystemApplicationTests

  .   ____          _            __ _ _
 /\\ / ___'_ __ _ _(_)_ __  __ _ \ \ \ \
( ( )\___ | '_ | '_| | '_ \/ _` | \ \ \ \
 \\/  ___)| |_)| | | | | || (_| |  ) ) ) )
  '  |____| .__|_| |_|_| |_\__, | / / / /
 =========|_|==============|___/=/_/_/_/

 :: Spring Boot ::                (v3.5.5)

2025-10-09 12:22:59 [DEV] - Starting TruckFleetManagementSystemApplicationTests using Java 21.0.8 with PID 40167 (started by prithvish in /home/prithvish/Documents/GitHub/02/tfms-starter)
2025-10-09 12:22:59 [DEV] - Running with Spring Boot v3.5.5, Spring v6.2.10
2025-10-09 12:22:59 [DEV] - The following 1 profile is active: "dev"
2025-10-09 12:23:01 [DEV] - Bootstrapping Spring Data JPA repositories in DEFAULT mode.
2025-10-09 12:23:01 [DEV] - Finished Spring Data repository scanning in 69 ms. Found 1 JPA repository interface.
2025-10-09 12:23:02 [DEV] - HHH000204: Processing PersistenceUnitInfo [name: default]
2025-10-09 12:23:02 [DEV] - HHH000412: Hibernate ORM core version 6.6.26.Final
2025-10-09 12:23:02 [DEV] - HHH000026: Second-level cache disabled
2025-10-09 12:23:02 [DEV] - No LoadTimeWeaver setup: ignoring JPA class transformer
2025-10-09 12:23:02 [DEV] - HikariPool-1 - Starting...
2025-10-09 12:23:03 [DEV] - HikariPool-1 - Added connection org.postgresql.jdbc.PgConnection@571db8b4
2025-10-09 12:23:03 [DEV] - HikariPool-1 - Start completed.
2025-10-09 12:23:03 [DEV] - HHH90000025: PostgreSQLDialect does not need to be specified explicitly using 'hibernate.dialect' (remove the property setting and it will be selected by default)
2025-10-09 12:23:03 [DEV] - HHH10001005: Database info:
	Database JDBC URL [Connecting through datasource 'HikariDataSource (HikariPool-1)']
	Database driver: undefined/unknown
	Database version: 16.10
	Autocommit mode: undefined/unknown
	Isolation level: undefined/unknown
	Minimum pool size: undefined/unknown
	Maximum pool size: undefined/unknown
2025-10-09 12:23:04 [DEV] - HHH000489: No JTA platform available (set 'hibernate.transaction.jta.platform' to enable JTA platform integration)
Hibernate: 
    set client_min_messages = WARNING
Hibernate: 
    drop table if exists users cascade
Hibernate: 
    create table users (
        active boolean not null,
        created_at timestamp(6) with time zone,
        id bigint generated by default as identity,
        updated_at timestamp(6) with time zone,
        api_key varchar(255) unique,
        email varchar(255) not null unique,
        password varchar(255) not null,
        user_type varchar(255) not null check (user_type in ('ADMIN','DRIVER','PLANNER','GLOBAL_API')),
        username varchar(255) not null unique,
        primary key (id)
    )
2025-10-09 12:23:04 [DEV] - Initialized JPA EntityManagerFactory for persistence unit 'default'
2025-10-09 12:23:05 [DEV] - Hibernate is in classpath; If applicable, HQL parser will be used.
2025-10-09 12:23:05 [DEV] - Rate limiting filter initialized with limit: 60 requests per minute
2025-10-09 12:23:06 [DEV] - Exposing 3 endpoints beneath base path '/actuator'
2025-10-09 12:23:06 [DEV] - Adding welcome page: class path resource [static/index.html]
2025-10-09 12:23:06 [DEV] - 

Using generated security password: 300e3f3f-2f0f-4f4c-ae45-b59e80b033dc

This generated password is for development use only. Your security configuration must be updated before running your application in production.

2025-10-09 12:23:06 [DEV] - Global AuthenticationManager configured with UserDetailsService bean with name inMemoryUserDetailsManager
2025-10-09 12:23:07 [DEV] - Started TruckFleetManagementSystemApplicationTests in 8.716 seconds (process running for 10.204)
Hibernate: 
    select
        ud1_0.id 
    from
        users ud1_0 
    where
        ud1_0.email=? 
    fetch
        first ? rows only
Hibernate: 
    insert 
    into
        users
        (active, api_key, created_at, email, password, updated_at, user_type, username) 
    values
        (?, ?, ?, ?, ?, ?, ?, ?)
Default user created: admin@tfms.com (ADMIN)
Hibernate: 
    select
        ud1_0.id 
    from
        users ud1_0 
    where
        ud1_0.email=? 
    fetch
        first ? rows only
Hibernate: 
    insert 
    into
        users
        (active, api_key, created_at, email, password, updated_at, user_type, username) 
    values
        (?, ?, ?, ?, ?, ?, ?, ?)
Default user created: driver@tfms.com (DRIVER)
Hibernate: 
    select
        ud1_0.id 
    from
        users ud1_0 
    where
        ud1_0.email=? 
    fetch
        first ? rows only
Hibernate: 
    insert 
    into
        users
        (active, api_key, created_at, email, password, updated_at, user_type, username) 
    values
        (?, ?, ?, ?, ?, ?, ?, ?)
Default user created: planner@tfms.com (PLANNER)
Hibernate: 
    select
        ud1_0.id 
    from
        users ud1_0 
    where
        ud1_0.email=? 
    fetch
        first ? rows only
Hibernate: 
    insert 
    into
        users
        (active, api_key, created_at, email, password, updated_at, user_type, username) 
    values
        (?, ?, ?, ?, ?, ?, ?, ?)
Default user created: test@example.com (DRIVER)
Default users initialization completed.

============================================================
TFMS - Truck Fleet Management System
============================================================
Active Profile: DEV
Production Mode: DISABLED
Server Port: 8443
Development Mode - Frontend runs separately
Backend API: http://localhost:8443/api
Frontend: http://localhost:3000 (run separately)
H2 Console: http://localhost:8443/h2-console
============================================================
Application started successfully!
============================================================

]]></system-out>
    <system-err><![CDATA[Mockito is currently self-attaching to enable the inline-mock-maker. This will no longer work in future releases of the JDK. Please add Mockito as an agent to your build as described in Mockito's documentation: https://javadoc.io/doc/org.mockito/mockito-core/latest/org.mockito/org/mockito/Mockito.html#0.3
WARNING: A Java agent has been loaded dynamically (/home/prithvish/.m2/repository/net/bytebuddy/byte-buddy-agent/1.17.7/byte-buddy-agent-1.17.7.jar)
WARNING: If a serviceability tool is in use, please run with -XX:+EnableDynamicAgentLoading to hide this warning
WARNING: If a serviceability tool is not in use, please run with -Djdk.instrument.traceUsage for more information
WARNING: Dynamic loading of agents will be disallowed by default in a future release
]]></system-err>
  </testcase>
</testsuite>